<?xml version="1.0" encoding="UTF-8" ?>
<testsuite failures="0" time="0.658" errors="0" skipped="0" tests="1" name="server.MessageRepositoryTest">
  <properties>
    <property name="java.runtime.name" value="Java(TM) SE Runtime Environment"/>
    <property name="sun.boot.library.path" value="/System/Library/Java/JavaVirtualMachines/1.6.0.jdk/Contents/Libraries"/>
    <property name="java.vm.version" value="20.4-b02-402"/>
    <property name="awt.nativeDoubleBuffering" value="true"/>
    <property name="gopherProxySet" value="false"/>
    <property name="mrj.build" value="10M3527"/>
    <property name="java.vm.vendor" value="Apple Inc."/>
    <property name="java.vendor.url" value="http://www.apple.com/"/>
    <property name="path.separator" value=":"/>
    <property name="java.vm.name" value="Java HotSpot(TM) 64-Bit Server VM"/>
    <property name="file.encoding.pkg" value="sun.io"/>
    <property name="user.country" value="US"/>
    <property name="sun.java.launcher" value="SUN_STANDARD"/>
    <property name="sun.os.patch.level" value="unknown"/>
    <property name="java.vm.specification.name" value="Java Virtual Machine Specification"/>
    <property name="user.dir" value="/Users/arjuns/mvn-gae/lightapp"/>
    <property name="java.runtime.version" value="1.6.0_29-b11-402-10M3527"/>
    <property name="java.awt.graphicsenv" value="apple.awt.CGraphicsEnvironment"/>
    <property name="basedir" value="/Users/arjuns/mvn-gae/lightapp"/>
    <property name="java.endorsed.dirs" value="/System/Library/Java/JavaVirtualMachines/1.6.0.jdk/Contents/Home/lib/endorsed"/>
    <property name="os.arch" value="x86_64"/>
    <property name="surefire.real.class.path" value="/Users/arjuns/mvn-gae/lightapp/target/surefire/surefirebooter5788377107644520193.jar"/>
    <property name="java.io.tmpdir" value="/var/folders/++/++0xjE++6+0++4RjPqRgNE++jPo/-Tmp-/"/>
    <property name="line.separator" value="
"/>
    <property name="java.vm.specification.vendor" value="Sun Microsystems Inc."/>
    <property name="os.name" value="Mac OS X"/>
    <property name="sun.jnu.encoding" value="MacRoman"/>
    <property name="java.library.path" value=".:/Library/Java/Extensions:/System/Library/Java/Extensions:/usr/lib/java"/>
    <property name="surefire.test.class.path" value="/Users/arjuns/mvn-gae/lightapp/target/test-classes:/Users/arjuns/mvn-gae/lightapp/target/classes:/Users/arjuns/.m2/repository/javax/persistence/persistence-api/1.0/persistence-api-1.0.jar:/Users/arjuns/.m2/repository/com/google/appengine/appengine-api-1.0-sdk/1.6.1/appengine-api-1.0-sdk-1.6.1.jar:/Users/arjuns/.m2/repository/org/apache/geronimo/specs/geronimo-servlet_2.5_spec/1.2/geronimo-servlet_2.5_spec-1.2.jar:/Users/arjuns/.m2/repository/com/googlecode/objectify/objectify/2.2.2/objectify-2.2.2.jar:/Users/arjuns/.m2/repository/taglibs/standard/1.1.2/standard-1.1.2.jar:/Users/arjuns/.m2/repository/org/slf4j/slf4j-api/1.6.0/slf4j-api-1.6.0.jar:/Users/arjuns/.m2/repository/ch/qos/logback/logback-classic/0.9.22/logback-classic-0.9.22.jar:/Users/arjuns/.m2/repository/ch/qos/logback/logback-core/0.9.22/logback-core-0.9.22.jar:/Users/arjuns/.m2/repository/junit/junit/4.5/junit-4.5.jar:/Users/arjuns/.m2/repository/com/google/appengine/appengine-api-labs/1.6.1/appengine-api-labs-1.6.1.jar:/Users/arjuns/.m2/repository/com/google/appengine/appengine-api-stubs/1.6.1/appengine-api-stubs-1.6.1.jar:/Users/arjuns/.m2/repository/com/google/appengine/appengine-testing/1.6.1/appengine-testing-1.6.1.jar:"/>
    <property name="java.specification.name" value="Java Platform API Specification"/>
    <property name="java.class.version" value="50.0"/>
    <property name="sun.management.compiler" value="HotSpot 64-Bit Tiered Compilers"/>
    <property name="os.version" value="10.6.8"/>
    <property name="http.nonProxyHosts" value="local|*.local|169.254/16|*.169.254/16"/>
    <property name="user.home" value="/Users/arjuns"/>
    <property name="user.timezone" value="America/Los_Angeles"/>
    <property name="java.awt.printerjob" value="apple.awt.CPrinterJob"/>
    <property name="java.specification.version" value="1.6"/>
    <property name="file.encoding" value="MacRoman"/>
    <property name="user.name" value="arjuns"/>
    <property name="java.class.path" value="/Users/arjuns/mvn-gae/lightapp/target/test-classes:/Users/arjuns/mvn-gae/lightapp/target/classes:/Users/arjuns/.m2/repository/javax/persistence/persistence-api/1.0/persistence-api-1.0.jar:/Users/arjuns/.m2/repository/com/google/appengine/appengine-api-1.0-sdk/1.6.1/appengine-api-1.0-sdk-1.6.1.jar:/Users/arjuns/.m2/repository/org/apache/geronimo/specs/geronimo-servlet_2.5_spec/1.2/geronimo-servlet_2.5_spec-1.2.jar:/Users/arjuns/.m2/repository/com/googlecode/objectify/objectify/2.2.2/objectify-2.2.2.jar:/Users/arjuns/.m2/repository/taglibs/standard/1.1.2/standard-1.1.2.jar:/Users/arjuns/.m2/repository/org/slf4j/slf4j-api/1.6.0/slf4j-api-1.6.0.jar:/Users/arjuns/.m2/repository/ch/qos/logback/logback-classic/0.9.22/logback-classic-0.9.22.jar:/Users/arjuns/.m2/repository/ch/qos/logback/logback-core/0.9.22/logback-core-0.9.22.jar:/Users/arjuns/.m2/repository/junit/junit/4.5/junit-4.5.jar:/Users/arjuns/.m2/repository/com/google/appengine/appengine-api-labs/1.6.1/appengine-api-labs-1.6.1.jar:/Users/arjuns/.m2/repository/com/google/appengine/appengine-api-stubs/1.6.1/appengine-api-stubs-1.6.1.jar:/Users/arjuns/.m2/repository/com/google/appengine/appengine-testing/1.6.1/appengine-testing-1.6.1.jar:"/>
    <property name="java.vm.specification.version" value="1.0"/>
    <property name="sun.arch.data.model" value="64"/>
    <property name="java.home" value="/System/Library/Java/JavaVirtualMachines/1.6.0.jdk/Contents/Home"/>
    <property name="sun.java.command" value="/Users/arjuns/mvn-gae/lightapp/target/surefire/surefirebooter5788377107644520193.jar /Users/arjuns/mvn-gae/lightapp/target/surefire/surefire4901295233784856241tmp /Users/arjuns/mvn-gae/lightapp/target/surefire/surefire8837837124555279363tmp"/>
    <property name="java.specification.vendor" value="Sun Microsystems Inc."/>
    <property name="user.language" value="en"/>
    <property name="awt.toolkit" value="apple.awt.CToolkit"/>
    <property name="java.vm.info" value="mixed mode"/>
    <property name="java.version" value="1.6.0_29"/>
    <property name="java.ext.dirs" value="/Library/Java/Extensions:/System/Library/Java/Extensions:/System/Library/Java/JavaVirtualMachines/1.6.0.jdk/Contents/Home/lib/ext"/>
    <property name="sun.boot.class.path" value="/System/Library/Java/JavaVirtualMachines/1.6.0.jdk/Contents/Classes/jsfd.jar:/System/Library/Java/JavaVirtualMachines/1.6.0.jdk/Contents/Classes/classes.jar:/System/Library/Frameworks/JavaVM.framework/Frameworks/JavaRuntimeSupport.framework/Resources/Java/JavaRuntimeSupport.jar:/System/Library/Java/JavaVirtualMachines/1.6.0.jdk/Contents/Classes/ui.jar:/System/Library/Java/JavaVirtualMachines/1.6.0.jdk/Contents/Classes/laf.jar:/System/Library/Java/JavaVirtualMachines/1.6.0.jdk/Contents/Classes/sunrsasign.jar:/System/Library/Java/JavaVirtualMachines/1.6.0.jdk/Contents/Classes/jsse.jar:/System/Library/Java/JavaVirtualMachines/1.6.0.jdk/Contents/Classes/jce.jar:/System/Library/Java/JavaVirtualMachines/1.6.0.jdk/Contents/Classes/charsets.jar"/>
    <property name="java.vendor" value="Apple Inc."/>
    <property name="localRepository" value="/Users/arjuns/.m2/repository"/>
    <property name="file.separator" value="/"/>
    <property name="java.vendor.url.bug" value="http://bugreport.apple.com/"/>
    <property name="sun.cpu.endian" value="little"/>
    <property name="sun.io.unicode.encoding" value="UnicodeLittle"/>
    <property name="mrj.version" value="1060.1.6.0_29-402"/>
    <property name="socksNonProxyHosts" value="local|*.local|169.254/16|*.169.254/16"/>
    <property name="ftp.nonProxyHosts" value="local|*.local|169.254/16|*.169.254/16"/>
    <property name="sun.cpu.isalist" value=""/>
  </properties>
  <testcase time="0.596" classname="server.MessageRepositoryTest" name="smokeTest"/>
</testsuite>